Determining if the pthread_create exist failed with the following output:
Change Dir: /home/lyp/SLAM/codes/vo/build/CMakeFiles/CMakeTmp

Run Build Command:"/usr/bin/make" "cmTC_e7117/fast"
/usr/bin/make -f CMakeFiles/cmTC_e7117.dir/build.make CMakeFiles/cmTC_e7117.dir/build
make[1]: Entering directory '/home/lyp/SLAM/codes/vo/build/CMakeFiles/CMakeTmp'
Building C object CMakeFiles/cmTC_e7117.dir/CheckSymbolExists.c.o
/usr/bin/cc    -o CMakeFiles/cmTC_e7117.dir/CheckSymbolExists.c.o   -c /home/lyp/SLAM/codes/vo/build/CMakeFiles/CMakeTmp/CheckSymbolExists.c
Linking C executable cmTC_e7117
/usr/bin/cmake -E cmake_link_script CMakeFiles/cmTC_e7117.dir/link.txt --verbose=1
/usr/bin/cc      -rdynamic CMakeFiles/cmTC_e7117.dir/CheckSymbolExists.c.o  -o cmTC_e7117 
CMakeFiles/cmTC_e7117.dir/CheckSymbolExists.c.o: In function `main':
CheckSymbolExists.c:(.text+0x1b): undefined reference to `pthread_create'
collect2: error: ld returned 1 exit status
make[1]: *** [CMakeFiles/cmTC_e7117.dir/build.make:87: cmTC_e7117] Error 1
make[1]: Leaving directory '/home/lyp/SLAM/codes/vo/build/CMakeFiles/CMakeTmp'
make: *** [Makefile:126: cmTC_e7117/fast] Error 2

File /home/lyp/SLAM/codes/vo/build/CMakeFiles/CMakeTmp/CheckSymbolExists.c:
/* */
#include <pthread.h>

int main(int argc, char** argv)
{
  (void)argv;
#ifndef pthread_create
  return ((int*)(&pthread_create))[argc];
#else
  (void)argc;
  return 0;
#endif
}

Determining if the function pthread_create exists in the pthreads failed with the following output:
Change Dir: /home/lyp/SLAM/codes/vo/build/CMakeFiles/CMakeTmp

Run Build Command:"/usr/bin/make" "cmTC_334b8/fast"
/usr/bin/make -f CMakeFiles/cmTC_334b8.dir/build.make CMakeFiles/cmTC_334b8.dir/build
make[1]: Entering directory '/home/lyp/SLAM/codes/vo/build/CMakeFiles/CMakeTmp'
Building C object CMakeFiles/cmTC_334b8.dir/CheckFunctionExists.c.o
/usr/bin/cc   -DCHECK_FUNCTION_EXISTS=pthread_create   -o CMakeFiles/cmTC_334b8.dir/CheckFunctionExists.c.o   -c /usr/share/cmake-3.11/Modules/CheckFunctionExists.c
Linking C executable cmTC_334b8
/usr/bin/cmake -E cmake_link_script CMakeFiles/cmTC_334b8.dir/link.txt --verbose=1
/usr/bin/cc  -DCHECK_FUNCTION_EXISTS=pthread_create    -rdynamic CMakeFiles/cmTC_334b8.dir/CheckFunctionExists.c.o  -o cmTC_334b8 -lpthreads 
/usr/bin/ld: cannot find -lpthreads
collect2: error: ld returned 1 exit status
make[1]: *** [CMakeFiles/cmTC_334b8.dir/build.make:87: cmTC_334b8] Error 1
make[1]: Leaving directory '/home/lyp/SLAM/codes/vo/build/CMakeFiles/CMakeTmp'
make: *** [Makefile:126: cmTC_334b8/fast] Error 2


Determining if the pthread_create exist failed with the following output:
Change Dir: /home/lyp/SLAM/codes/vo/build/CMakeFiles/CMakeTmp

Run Build Command:"/usr/bin/make" "cmTC_98904/fast"
/usr/bin/make -f CMakeFiles/cmTC_98904.dir/build.make CMakeFiles/cmTC_98904.dir/build
make[1]: Entering directory '/home/lyp/SLAM/codes/vo/build/CMakeFiles/CMakeTmp'
Building C object CMakeFiles/cmTC_98904.dir/CheckSymbolExists.c.o
/usr/bin/cc    -o CMakeFiles/cmTC_98904.dir/CheckSymbolExists.c.o   -c /home/lyp/SLAM/codes/vo/build/CMakeFiles/CMakeTmp/CheckSymbolExists.c
Linking C executable cmTC_98904
/usr/bin/cmake -E cmake_link_script CMakeFiles/cmTC_98904.dir/link.txt --verbose=1
/usr/bin/cc      -rdynamic CMakeFiles/cmTC_98904.dir/CheckSymbolExists.c.o  -o cmTC_98904 
CMakeFiles/cmTC_98904.dir/CheckSymbolExists.c.o: In function `main':
CheckSymbolExists.c:(.text+0x1b): undefined reference to `pthread_create'
collect2: error: ld returned 1 exit status
make[1]: *** [CMakeFiles/cmTC_98904.dir/build.make:87: cmTC_98904] Error 1
make[1]: Leaving directory '/home/lyp/SLAM/codes/vo/build/CMakeFiles/CMakeTmp'
make: *** [Makefile:126: cmTC_98904/fast] Error 2

File /home/lyp/SLAM/codes/vo/build/CMakeFiles/CMakeTmp/CheckSymbolExists.c:
/* */
#include <pthread.h>

int main(int argc, char** argv)
{
  (void)argv;
#ifndef pthread_create
  return ((int*)(&pthread_create))[argc];
#else
  (void)argc;
  return 0;
#endif
}

Determining if the function pthread_create exists in the pthreads failed with the following output:
Change Dir: /home/lyp/SLAM/codes/vo/build/CMakeFiles/CMakeTmp

Run Build Command:"/usr/bin/make" "cmTC_24cc9/fast"
/usr/bin/make -f CMakeFiles/cmTC_24cc9.dir/build.make CMakeFiles/cmTC_24cc9.dir/build
make[1]: Entering directory '/home/lyp/SLAM/codes/vo/build/CMakeFiles/CMakeTmp'
Building C object CMakeFiles/cmTC_24cc9.dir/CheckFunctionExists.c.o
/usr/bin/cc   -DCHECK_FUNCTION_EXISTS=pthread_create   -o CMakeFiles/cmTC_24cc9.dir/CheckFunctionExists.c.o   -c /usr/share/cmake-3.11/Modules/CheckFunctionExists.c
Linking C executable cmTC_24cc9
/usr/bin/cmake -E cmake_link_script CMakeFiles/cmTC_24cc9.dir/link.txt --verbose=1
/usr/bin/cc  -DCHECK_FUNCTION_EXISTS=pthread_create    -rdynamic CMakeFiles/cmTC_24cc9.dir/CheckFunctionExists.c.o  -o cmTC_24cc9 -lpthreads 
/usr/bin/ld: cannot find -lpthreads
collect2: error: ld returned 1 exit status
make[1]: *** [CMakeFiles/cmTC_24cc9.dir/build.make:87: cmTC_24cc9] Error 1
make[1]: Leaving directory '/home/lyp/SLAM/codes/vo/build/CMakeFiles/CMakeTmp'
make: *** [Makefile:126: cmTC_24cc9/fast] Error 2


